This is XeTeX, Version 3.141592653-2.6-0.999997 (TeX Live 2025) (preloaded format=xelatex 2025.4.27)  22 JUN 2026 23:13
entering extended mode
 restricted \write18 enabled.
 file:line:error style messages enabled.
 %&-line parsing enabled.
**/home/yzy/code/OpticalSystemDesign/main.tex
(/home/yzy/code/OpticalSystemDesign/main.tex
LaTeX2e <2024-11-01> patch level 2
L3 programming layer <2025-03-26>
(/usr/local/texlive/2025/texmf-dist/tex/latex/ctex/ctexart.cls (/usr/local/texlive/2025/texmf-dist/tex/latex/ctex/config/ctexbackend.cfg
File: ctexbackend.cfg 2022/07/14 v2.5.10 Backend configuration file (CTEX)
) (/usr/local/texlive/2025/texmf-dist/tex/latex/l3kernel/expl3.sty
Package: expl3 2025-03-26 L3 programming layer (loader) 
 (/usr/local/texlive/2025/texmf-dist/tex/latex/l3backend/l3backend-xetex.def
File: l3backend-xetex.def 2025-03-14 L3 backend support: XeTeX
\g__graphics_track_int=\count193
\g__pdfannot_backend_int=\count194
\g__pdfannot_backend_link_int=\count195
))
Document Class: ctexart 2022/07/14 v2.5.10 Chinese adapter for class article (CTEX)
(/usr/local/texlive/2025/texmf-dist/tex/latex/ctex/ctexhook.sty
Package: ctexhook 2022/07/14 v2.5.10 Document and package hooks (CTEX)
) (/usr/local/texlive/2025/texmf-dist/tex/latex/ctex/ctexpatch.sty
Package: ctexpatch 2022/07/14 v2.5.10 Patching commands (CTEX)
) (/usr/local/texlive/2025/texmf-dist/tex/latex/base/fix-cm.sty
Package: fix-cm 2020/11/24 v1.1t fixes to LaTeX
 (/usr/local/texlive/2025/texmf-dist/tex/latex/base/ts1enc.def
File: ts1enc.def 2001/06/05 v3.0e (jk/car/fm) Standard LaTeX file
LaTeX Font Info:    Redeclaring font encoding TS1 on input line 47.
))
\l__ctex_tmp_int=\count196
\l__ctex_tmp_box=\box53
\l__ctex_tmp_dim=\dimen146
\g__ctex_section_depth_int=\count197
\g__ctex_font_size_int=\count198
 (/usr/local/texlive/2025/texmf-dist/tex/latex/ctex/config/ctexopts.cfg
File: ctexopts.cfg 2022/07/14 v2.5.10 Option configuration file (CTEX)
) (/usr/local/texlive/2025/texmf-dist/tex/latex/base/article.cls
Document Class: article 2024/06/29 v1.4n Standard LaTeX document class
(/usr/local/texlive/2025/texmf-dist/tex/latex/base/size10.clo
File: size10.clo 2024/06/29 v1.4n Standard LaTeX file (size option)
)
\c@part=\count199
\c@section=\count266
\c@subsection=\count267
\c@subsubsection=\count268
\c@paragraph=\count269
\c@subparagraph=\count270
\c@figure=\count271
\c@table=\count272
\abovecaptionskip=\skip49
\belowcaptionskip=\skip50
\bibindent=\dimen147
) (/usr/local/texlive/2025/texmf-dist/tex/latex/ctex/engine/ctex-engine-xetex.def
File: ctex-engine-xetex.def 2022/07/14 v2.5.10 XeLaTeX adapter (CTEX)
 (/usr/local/texlive/2025/texmf-dist/tex/xelatex/xecjk/xeCJK.sty
Package: xeCJK 2022/08/05 v3.9.1 Typesetting CJK scripts with XeLaTeX
 (/usr/local/texlive/2025/texmf-dist/tex/latex/l3packages/xtemplate/xtemplate.sty
Package: xtemplate 2024-08-16 L3 Experimental prototype document functions
)
\l__xeCJK_tmp_int=\count273
\l__xeCJK_tmp_box=\box54
\l__xeCJK_tmp_dim=\dimen148
\l__xeCJK_tmp_skip=\skip51
\g__xeCJK_space_factor_int=\count274
\l__xeCJK_begin_int=\count275
\l__xeCJK_end_int=\count276
\c__xeCJK_CJK_class_int=\XeTeXcharclass1
\c__xeCJK_FullLeft_class_int=\XeTeXcharclass2
\c__xeCJK_FullRight_class_int=\XeTeXcharclass3
\c__xeCJK_HalfLeft_class_int=\XeTeXcharclass4
\c__xeCJK_HalfRight_class_int=\XeTeXcharclass5
\c__xeCJK_NormalSpace_class_int=\XeTeXcharclass6
\c__xeCJK_CM_class_int=\XeTeXcharclass7
\c__xeCJK_HangulJamo_class_int=\XeTeXcharclass8
\l__xeCJK_last_skip=\skip52
\c__xeCJK_none_node=\count277
\g__xeCJK_node_int=\count278
\c__xeCJK_CJK_node_dim=\dimen149
\c__xeCJK_CJK-space_node_dim=\dimen150
\c__xeCJK_default_node_dim=\dimen151
\c__xeCJK_CJK-widow_node_dim=\dimen152
\c__xeCJK_normalspace_node_dim=\dimen153
\c__xeCJK_default-space_node_skip=\skip53
\l__xeCJK_ccglue_skip=\skip54
\l__xeCJK_ecglue_skip=\skip55
\l__xeCJK_punct_kern_skip=\skip56
\l__xeCJK_indent_box=\box55
\l__xeCJK_last_penalty_int=\count279
\l__xeCJK_last_bound_dim=\dimen154
\l__xeCJK_last_kern_dim=\dimen155
\l__xeCJK_widow_penalty_int=\count280

LaTeX template Info: Declaring template type 'xeCJK/punctuation' taking 0
(template)           argument(s) on line 2396.

\l__xeCJK_fixed_punct_width_dim=\dimen156
\l__xeCJK_mixed_punct_width_dim=\dimen157
\l__xeCJK_middle_punct_width_dim=\dimen158
\l__xeCJK_fixed_margin_width_dim=\dimen159
\l__xeCJK_mixed_margin_width_dim=\dimen160
\l__xeCJK_middle_margin_width_dim=\dimen161
\l__xeCJK_bound_punct_width_dim=\dimen162
\l__xeCJK_bound_margin_width_dim=\dimen163
\l__xeCJK_margin_minimum_dim=\dimen164
\l__xeCJK_kerning_total_width_dim=\dimen165
\l__xeCJK_same_align_margin_dim=\dimen166
\l__xeCJK_different_align_margin_dim=\dimen167
\l__xeCJK_kerning_margin_width_dim=\dimen168
\l__xeCJK_kerning_margin_minimum_dim=\dimen169
\l__xeCJK_bound_dim=\dimen170
\l__xeCJK_reverse_bound_dim=\dimen171
\l__xeCJK_margin_dim=\dimen172
\l__xeCJK_minimum_bound_dim=\dimen173
\l__xeCJK_kerning_margin_dim=\dimen174
\g__xeCJK_family_int=\count281
\l__xeCJK_fam_int=\count282
\g__xeCJK_fam_allocation_int=\count283
\l__xeCJK_verb_case_int=\count284
\l__xeCJK_verb_exspace_skip=\skip57
 (/usr/local/texlive/2025/texmf-dist/tex/latex/fontspec/fontspec.sty (/usr/local/texlive/2025/texmf-dist/tex/latex/l3packages/xparse/xparse.sty
Package: xparse 2024-08-16 L3 Experimental document command parser
)
Package: fontspec 2024/05/11 v2.9e Font selection for XeLaTeX and LuaLaTeX
 (/usr/local/texlive/2025/texmf-dist/tex/latex/fontspec/fontspec-xetex.sty
Package: fontspec-xetex 2024/05/11 v2.9e Font selection for XeLaTeX and LuaLaTeX
\l__fontspec_script_int=\count285
\l__fontspec_language_int=\count286
\l__fontspec_strnum_int=\count287
\l__fontspec_tmp_int=\count288
\l__fontspec_tmpa_int=\count289
\l__fontspec_tmpb_int=\count290
\l__fontspec_tmpc_int=\count291
\l__fontspec_em_int=\count292
\l__fontspec_emdef_int=\count293
\l__fontspec_strong_int=\count294
\l__fontspec_strongdef_int=\count295
\l__fontspec_tmpa_dim=\dimen175
\l__fontspec_tmpb_dim=\dimen176
\l__fontspec_tmpc_dim=\dimen177
 (/usr/local/texlive/2025/texmf-dist/tex/latex/base/fontenc.sty
Package: fontenc 2021/04/29 v2.0v Standard LaTeX package
) (/usr/local/texlive/2025/texmf-dist/tex/latex/fontspec/fontspec.cfg))) (/usr/local/texlive/2025/texmf-dist/tex/xelatex/xecjk/xeCJK.cfg
File: xeCJK.cfg 2022/08/05 v3.9.1 Configuration file for xeCJK package
))
\ccwd=\dimen178
\l__ctex_ccglue_skip=\skip58
)
\l__ctex_ziju_dim=\dimen179
 (/usr/local/texlive/2025/texmf-dist/tex/latex/zhnumber/zhnumber.sty
Package: zhnumber 2022/07/14 v3.0 Typesetting numbers with Chinese glyphs
\l__zhnum_scale_int=\count296
\l__zhnum_tmp_int=\count297
 (/usr/local/texlive/2025/texmf-dist/tex/latex/zhnumber/zhnumber-utf8.cfg
File: zhnumber-utf8.cfg 2022/07/14 v3.0 Chinese numerals with UTF8 encoding
))
\l__ctex_heading_skip=\skip59
 (/usr/local/texlive/2025/texmf-dist/tex/latex/ctex/scheme/ctex-scheme-chinese-article.def
File: ctex-scheme-chinese-article.def 2022/07/14 v2.5.10 Chinese scheme for article (CTEX)
 (/usr/local/texlive/2025/texmf-dist/tex/latex/ctex/config/ctex-name-utf8.cfg
File: ctex-name-utf8.cfg 2022/07/14 v2.5.10 Caption with encoding UTF-8 (CTEX)
)) (/usr/local/texlive/2025/texmf-dist/tex/latex/ctex/ctex-c5size.clo
File: ctex-c5size.clo 2022/07/14 v2.5.10 c5size option (CTEX)
) (/usr/local/texlive/2025/texmf-dist/tex/latex/ctex/fontset/ctex-fontset-fandol.def
File: ctex-fontset-fandol.def 2022/07/14 v2.5.10 Fandol fonts definition (CTEX)

Package fontspec Info: 
(fontspec)             Script 'CJK' not explicitly supported within font
(fontspec)             'FandolSong-Regular'. Check the typeset output, and if
(fontspec)             it is okay then ignore this warning. Otherwise a
(fontspec)             different font should be chosen.


Package fontspec Info: 
(fontspec)             Font family 'FandolSong-Regular(0)' created for font
(fontspec)             'FandolSong-Regular' with options
(fontspec)             [Script={CJK},Extension={.otf},BoldFont={FandolSong-Bold},ItalicFont={FandolKai-Regular}].
(fontspec)              
(fontspec)              This font family consists of the following NFSS
(fontspec)             series/shapes:
(fontspec)              
(fontspec)             - 'normal' (m/n) with NFSS spec.:
(fontspec)             <->"[FandolSong-Regular.otf]/OT:script=hani;language=dflt;"
(fontspec)             - 'bold' (b/n) with NFSS spec.:
(fontspec)             <->"[FandolSong-Bold.otf]/OT:script=hani;language=dflt;"
(fontspec)             - 'italic' (m/it) with NFSS spec.:
(fontspec)             <->"[FandolKai-Regular.otf]/OT:script=hani;language=dflt;"

)) (/usr/local/texlive/2025/texmf-dist/tex/latex/ctex/config/ctex.cfg
File: ctex.cfg 2022/07/14 v2.5.10 Configuration file (CTEX)
) (/usr/local/texlive/2025/texmf-dist/tex/latex/geometry/geometry.sty
Package: geometry 2020/01/02 v5.9 Page Geometry
 (/usr/local/texlive/2025/texmf-dist/tex/latex/graphics/keyval.sty
Package: keyval 2022/05/29 v1.15 key=value parser (DPC)
\KV@toks@=\toks17
) (/usr/local/texlive/2025/texmf-dist/tex/generic/iftex/ifvtex.sty
Package: ifvtex 2019/10/25 v1.7 ifvtex legacy package. Use iftex instead.
 (/usr/local/texlive/2025/texmf-dist/tex/generic/iftex/iftex.sty
Package: iftex 2024/12/12 v1.0g TeX engine tests
))
\Gm@cnth=\count298
\Gm@cntv=\count299
\c@Gm@tempcnt=\count300
\Gm@bindingoffset=\dimen180
\Gm@wd@mp=\dimen181
\Gm@odd@mp=\dimen182
\Gm@even@mp=\dimen183
\Gm@layoutwidth=\dimen184
\Gm@layoutheight=\dimen185
\Gm@layouthoffset=\dimen186
\Gm@layoutvoffset=\dimen187
\Gm@dimlist=\toks18
) (/usr/local/texlive/2025/texmf-dist/tex/latex/tools/array.sty
Package: array 2024/10/17 v2.6g Tabular extension package (FMi)
\col@sep=\dimen188
\ar@mcellbox=\box56
\extrarowheight=\dimen189
\NC@list=\toks19
\extratabsurround=\skip60
\backup@length=\skip61
\ar@cellbox=\box57
) (/usr/local/texlive/2025/texmf-dist/tex/latex/amsfonts/amssymb.sty
Package: amssymb 2013/01/14 v3.01 AMS font symbols
 (/usr/local/texlive/2025/texmf-dist/tex/latex/amsfonts/amsfonts.sty
Package: amsfonts 2013/01/14 v3.01 Basic AMSFonts support
\@emptytoks=\toks20
\symAMSa=\mathgroup4
\symAMSb=\mathgroup5
LaTeX Font Info:    Redeclaring math symbol \hbar on input line 98.
LaTeX Font Info:    Overwriting math alphabet `\mathfrak' in version `bold'
(Font)                  U/euf/m/n --> U/euf/b/n on input line 106.
)) (/usr/local/texlive/2025/texmf-dist/tex/latex/booktabs/booktabs.sty
Package: booktabs 2020/01/12 v1.61803398 Publication quality tables
\heavyrulewidth=\dimen190
\lightrulewidth=\dimen191
\cmidrulewidth=\dimen192
\belowrulesep=\dimen193
\belowbottomsep=\dimen194
\aboverulesep=\dimen195
\abovetopsep=\dimen196
\cmidrulesep=\dimen197
\cmidrulekern=\dimen198
\defaultaddspace=\dimen199
\@cmidla=\count301
\@cmidlb=\count302
\@aboverulesep=\dimen256
\@belowrulesep=\dimen257
\@thisruleclass=\count303
\@lastruleclass=\count304
\@thisrulewidth=\dimen258
) (/usr/local/texlive/2025/texmf-dist/tex/latex/tools/calc.sty
Package: calc 2023/07/08 v4.3 Infix arithmetic (KKT,FJ)
\calc@Acount=\count305
\calc@Bcount=\count306
\calc@Adimen=\dimen259
\calc@Bdimen=\dimen260
\calc@Askip=\skip62
\calc@Bskip=\skip63
LaTeX Info: Redefining \setlength on input line 80.
LaTeX Info: Redefining \addtolength on input line 81.
\calc@Ccount=\count307
\calc@Cskip=\skip64
) (/usr/local/texlive/2025/texmf-dist/tex/latex/float/float.sty
Package: float 2001/11/08 v1.3d Float enhancements (AL)
\c@float@type=\count308
\float@exts=\toks21
\float@box=\box58
\@float@everytoks=\toks22
\@floatcapt=\box59
) (/usr/local/texlive/2025/texmf-dist/tex/latex/graphics/graphicx.sty
Package: graphicx 2021/09/16 v1.2d Enhanced LaTeX Graphics (DPC,SPQR)
 (/usr/local/texlive/2025/texmf-dist/tex/latex/graphics/graphics.sty
Package: graphics 2024/08/06 v1.4g Standard LaTeX Graphics (DPC,SPQR)
 (/usr/local/texlive/2025/texmf-dist/tex/latex/graphics/trig.sty
Package: trig 2023/12/02 v1.11 sin cos tan (DPC)
) (/usr/local/texlive/2025/texmf-dist/tex/latex/graphics-cfg/graphics.cfg
File: graphics.cfg 2016/06/04 v1.11 sample graphics configuration
)
Package graphics Info: Driver file: xetex.def on input line 106.
 (/usr/local/texlive/2025/texmf-dist/tex/latex/graphics-def/xetex.def
File: xetex.def 2022/09/22 v5.0n Graphics/color driver for xetex
))
\Gin@req@height=\dimen261
\Gin@req@width=\dimen262
) (/usr/local/texlive/2025/texmf-dist/tex/latex/tools/longtable.sty
Package: longtable 2024-10-27 v4.22 Multi-page Table package (DPC)
\LTleft=\skip65
\LTright=\skip66
\LTpre=\skip67
\LTpost=\skip68
\LTchunksize=\count309
\LTcapwidth=\dimen263
\LT@head=\box60
\LT@firsthead=\box61
\LT@foot=\box62
\LT@lastfoot=\box63
\LT@gbox=\box64
\LT@cols=\count310
\LT@rows=\count311
\c@LT@tables=\count312
\c@LT@chunks=\count313
\LT@p@ftn=\toks23
) (/usr/local/texlive/2025/texmf-dist/tex/latex/hyperref/hyperref.sty
Package: hyperref 2024-11-05 v7.01l Hypertext links for LaTeX
 (/usr/local/texlive/2025/texmf-dist/tex/latex/kvsetkeys/kvsetkeys.sty
Package: kvsetkeys 2022-10-05 v1.19 Key value parser (HO)
) (/usr/local/texlive/2025/texmf-dist/tex/generic/kvdefinekeys/kvdefinekeys.sty
Package: kvdefinekeys 2019-12-19 v1.6 Define keys (HO)
) (/usr/local/texlive/2025/texmf-dist/tex/generic/pdfescape/pdfescape.sty
Package: pdfescape 2019/12/09 v1.15 Implements pdfTeX's escape features (HO)
 (/usr/local/texlive/2025/texmf-dist/tex/generic/ltxcmds/ltxcmds.sty
Package: ltxcmds 2023-12-04 v1.26 LaTeX kernel commands for general use (HO)
) (/usr/local/texlive/2025/texmf-dist/tex/generic/pdftexcmds/pdftexcmds.sty
Package: pdftexcmds 2020-06-27 v0.33 Utility functions of pdfTeX for LuaTeX (HO)
 (/usr/local/texlive/2025/texmf-dist/tex/generic/infwarerr/infwarerr.sty
Package: infwarerr 2019/12/03 v1.5 Providing info/warning/error messages (HO)
)
Package pdftexcmds Info: \pdf@primitive is available.
Package pdftexcmds Info: \pdf@ifprimitive is available.
Package pdftexcmds Info: \pdfdraftmode not found.
)) (/usr/local/texlive/2025/texmf-dist/tex/latex/hycolor/hycolor.sty
Package: hycolor 2020-01-27 v1.10 Color options for hyperref/bookmark (HO)
) (/usr/local/texlive/2025/texmf-dist/tex/latex/hyperref/nameref.sty
Package: nameref 2023-11-26 v2.56 Cross-referencing by name of section
 (/usr/local/texlive/2025/texmf-dist/tex/latex/refcount/refcount.sty
Package: refcount 2019/12/15 v3.6 Data extraction from label references (HO)
) (/usr/local/texlive/2025/texmf-dist/tex/generic/gettitlestring/gettitlestring.sty
Package: gettitlestring 2019/12/15 v1.6 Cleanup title references (HO)
 (/usr/local/texlive/2025/texmf-dist/tex/latex/kvoptions/kvoptions.sty
Package: kvoptions 2022-06-15 v3.15 Key value format for package options (HO)
))
\c@section@level=\count314
) (/usr/local/texlive/2025/texmf-dist/tex/latex/etoolbox/etoolbox.sty
Package: etoolbox 2025/02/11 v2.5l e-TeX tools for LaTeX (JAW)
\etb@tempcnta=\count315
) (/usr/local/texlive/2025/texmf-dist/tex/generic/stringenc/stringenc.sty
Package: stringenc 2019/11/29 v1.12 Convert strings between diff. encodings (HO)
)
\@linkdim=\dimen264
\Hy@linkcounter=\count316
\Hy@pagecounter=\count317
 (/usr/local/texlive/2025/texmf-dist/tex/latex/hyperref/pd1enc.def
File: pd1enc.def 2024-11-05 v7.01l Hyperref: PDFDocEncoding definition (HO)
) (/usr/local/texlive/2025/texmf-dist/tex/generic/intcalc/intcalc.sty
Package: intcalc 2019/12/15 v1.3 Expandable calculations with integers (HO)
)
\Hy@SavedSpaceFactor=\count318
 (/usr/local/texlive/2025/texmf-dist/tex/latex/hyperref/puenc.def
File: puenc.def 2024-11-05 v7.01l Hyperref: PDF Unicode definition (HO)
)
Package hyperref Info: Option `unicode' set `true' on input line 4040.
Package hyperref Info: Hyper figures OFF on input line 4157.
Package hyperref Info: Link nesting OFF on input line 4162.
Package hyperref Info: Hyper index ON on input line 4165.
Package hyperref Info: Plain pages OFF on input line 4172.
Package hyperref Info: Backreferencing OFF on input line 4177.
Package hyperref Info: Implicit mode ON; LaTeX internals redefined.
Package hyperref Info: Bookmarks ON on input line 4424.
\c@Hy@tempcnt=\count319
 (/usr/local/texlive/2025/texmf-dist/tex/latex/url/url.sty
\Urlmuskip=\muskip17
Package: url 2013/09/16  ver 3.4  Verb mode for urls, etc.
)
LaTeX Info: Redefining \url on input line 4763.
\XeTeXLinkMargin=\dimen265
 (/usr/local/texlive/2025/texmf-dist/tex/generic/bitset/bitset.sty
Package: bitset 2019/12/09 v1.3 Handle bit-vector datatype (HO)
 (/usr/local/texlive/2025/texmf-dist/tex/generic/bigintcalc/bigintcalc.sty
Package: bigintcalc 2019/12/15 v1.5 Expandable calculations on big integers (HO)
))
\Fld@menulength=\count320
\Field@Width=\dimen266
\Fld@charsize=\dimen267
Package hyperref Info: Hyper figures OFF on input line 6042.
Package hyperref Info: Link nesting OFF on input line 6047.
Package hyperref Info: Hyper index ON on input line 6050.
Package hyperref Info: backreferencing OFF on input line 6057.
Package hyperref Info: Link coloring OFF on input line 6062.
Package hyperref Info: Link coloring with OCG OFF on input line 6067.
Package hyperref Info: PDF/A mode OFF on input line 6072.
 (/usr/local/texlive/2025/texmf-dist/tex/latex/base/atbegshi-ltx.sty
Package: atbegshi-ltx 2021/01/10 v1.0c Emulation of the original atbegshi
package with kernel methods
)
\Hy@abspage=\count321
\c@Item=\count322
\c@Hfootnote=\count323
)
Package hyperref Info: Driver (autodetected): hxetex.
 (/usr/local/texlive/2025/texmf-dist/tex/latex/hyperref/hxetex.def
File: hxetex.def 2024-11-05 v7.01l Hyperref driver for XeTeX
\pdfm@box=\box65
\c@Hy@AnnotLevel=\count324
\HyField@AnnotCount=\count325
\Fld@listcount=\count326
\c@bookmark@seq@number=\count327
 (/usr/local/texlive/2025/texmf-dist/tex/latex/rerunfilecheck/rerunfilecheck.sty
Package: rerunfilecheck 2022-07-10 v1.10 Rerun checks for auxiliary files (HO)
 (/usr/local/texlive/2025/texmf-dist/tex/latex/base/atveryend-ltx.sty
Package: atveryend-ltx 2020/08/19 v1.0a Emulation of the original atveryend package
with kernel methods
) (/usr/local/texlive/2025/texmf-dist/tex/generic/uniquecounter/uniquecounter.sty
Package: uniquecounter 2019/12/15 v1.4 Provide unlimited unique counter (HO)
)
Package uniquecounter Info: New unique counter `rerunfilecheck' on input line 285.
)
\Hy@SectionHShift=\skip69
) (/usr/local/texlive/2025/texmf-dist/tex/latex/biblatex/biblatex.sty
Package: biblatex 2024/03/21 v3.20 programmable bibliographies (PK/MW)
 (/usr/local/texlive/2025/texmf-dist/tex/latex/logreq/logreq.sty
Package: logreq 2010/08/04 v1.0 xml request logger
\lrq@indent=\count328
 (/usr/local/texlive/2025/texmf-dist/tex/latex/logreq/logreq.def
File: logreq.def 2010/08/04 v1.0 logreq spec v1.0
)) (/usr/local/texlive/2025/texmf-dist/tex/latex/base/ifthen.sty
Package: ifthen 2024/03/16 v1.1e Standard LaTeX ifthen package (DPC)
)
\c@tabx@nest=\count329
\c@listtotal=\count330
\c@listcount=\count331
\c@liststart=\count332
\c@liststop=\count333
\c@citecount=\count334
\c@citetotal=\count335
\c@multicitecount=\count336
\c@multicitetotal=\count337
\c@instcount=\count338
\c@maxnames=\count339
\c@minnames=\count340
\c@maxitems=\count341
\c@minitems=\count342
\c@citecounter=\count343
\c@maxcitecounter=\count344
\c@savedcitecounter=\count345
\c@uniquelist=\count346
\c@uniquename=\count347
\c@refsection=\count348
\c@refsegment=\count349
\c@maxextratitle=\count350
\c@maxextratitleyear=\count351
\c@maxextraname=\count352
\c@maxextradate=\count353
\c@maxextraalpha=\count354
\c@abbrvpenalty=\count355
\c@highnamepenalty=\count356
\c@lownamepenalty=\count357
\c@maxparens=\count358
\c@parenlevel=\count359
\blx@tempcnta=\count360
\blx@tempcntb=\count361
\blx@tempcntc=\count362
\c@blx@maxsection=\count363
\blx@maxsegment@0=\count364
\blx@notetype=\count365
\blx@parenlevel@text=\count366
\blx@parenlevel@foot=\count367
\blx@sectionciteorder@0=\count368
\blx@sectionciteorderinternal@0=\count369
\blx@entrysetcounter=\count370
\blx@biblioinstance=\count371
\labelnumberwidth=\skip70
\labelalphawidth=\skip71
\biblabelsep=\skip72
\bibitemsep=\skip73
\bibnamesep=\skip74
\bibinitsep=\skip75
\bibparsep=\skip76
\bibhang=\skip77
\blx@bcfin=\read2
\blx@bcfout=\write3
\blx@langwohyphens=\language90
\c@mincomprange=\count372
\c@maxcomprange=\count373
\c@mincompwidth=\count374
Package biblatex Info: Trying to load biblatex default data model...
Package biblatex Info: ... file 'blx-dm.def' found.
 (/usr/local/texlive/2025/texmf-dist/tex/latex/biblatex/blx-dm.def
File: blx-dm.def 2024/03/21 v3.20 biblatex datamodel (PK/MW)
)
Package biblatex Info: Trying to load biblatex style data model...
Package biblatex Info: ... file 'gb7714-2015.dbx' not found.
Package biblatex Info: Trying to load biblatex custom data model...
Package biblatex Info: ... file 'biblatex-dm.cfg' not found.
\c@afterword=\count375
\c@savedafterword=\count376
\c@annotator=\count377
\c@savedannotator=\count378
\c@author=\count379
\c@savedauthor=\count380
\c@bookauthor=\count381
\c@savedbookauthor=\count382
\c@commentator=\count383
\c@savedcommentator=\count384
\c@editor=\count385
\c@savededitor=\count386
\c@editora=\count387
\c@savededitora=\count388
\c@editorb=\count389
\c@savededitorb=\count390
\c@editorc=\count391
\c@savededitorc=\count392
\c@foreword=\count393
\c@savedforeword=\count394
\c@holder=\count395
\c@savedholder=\count396
\c@introduction=\count397
\c@savedintroduction=\count398
\c@namea=\count399
\c@savednamea=\count400
\c@nameb=\count401
\c@savednameb=\count402
\c@namec=\count403
\c@savednamec=\count404
\c@translator=\count405
\c@savedtranslator=\count406
\c@shortauthor=\count407
\c@savedshortauthor=\count408
\c@shorteditor=\count409
\c@savedshorteditor=\count410
\c@labelname=\count411
\c@savedlabelname=\count412
\c@institution=\count413
\c@savedinstitution=\count414
\c@lista=\count415
\c@savedlista=\count416
\c@listb=\count417
\c@savedlistb=\count418
\c@listc=\count419
\c@savedlistc=\count420
\c@listd=\count421
\c@savedlistd=\count422
\c@liste=\count423
\c@savedliste=\count424
\c@listf=\count425
\c@savedlistf=\count426
\c@location=\count427
\c@savedlocation=\count428
\c@organization=\count429
\c@savedorganization=\count430
\c@origlocation=\count431
\c@savedoriglocation=\count432
\c@origpublisher=\count433
\c@savedorigpublisher=\count434
\c@publisher=\count435
\c@savedpublisher=\count436
\c@language=\count437
\c@savedlanguage=\count438
\c@origlanguage=\count439
\c@savedoriglanguage=\count440
\c@pageref=\count441
\c@savedpageref=\count442
\shorthandwidth=\skip78
\shortjournalwidth=\skip79
\shortserieswidth=\skip80
\shorttitlewidth=\skip81
\shortauthorwidth=\skip82
\shorteditorwidth=\skip83
\locallabelnumberwidth=\skip84
\locallabelalphawidth=\skip85
\localshorthandwidth=\skip86
\localshortjournalwidth=\skip87
\localshortserieswidth=\skip88
\localshorttitlewidth=\skip89
\localshortauthorwidth=\skip90
\localshorteditorwidth=\skip91
Package biblatex Info: Trying to load enhanced support for Unicode engines...
Package biblatex Info: ... file 'blx-unicode.def' found.
 (/usr/local/texlive/2025/texmf-dist/tex/latex/biblatex/blx-unicode.def)
Package biblatex Info: Trying to load compatibility code...
Package biblatex Info: ... file 'blx-compat.def' found.
 (/usr/local/texlive/2025/texmf-dist/tex/latex/biblatex/blx-compat.def
File: blx-compat.def 2024/03/21 v3.20 biblatex compatibility (PK/MW)
)
Package biblatex Info: Trying to load generic definitions...
Package biblatex Info: ... file 'biblatex.def' found.
 (/usr/local/texlive/2025/texmf-dist/tex/latex/biblatex/biblatex.def
File: biblatex.def 2024/03/21 v3.20 biblatex compatibility (PK/MW)
\c@textcitecount=\count443
\c@textcitetotal=\count444
\c@textcitemaxnames=\count445
\c@biburlbigbreakpenalty=\count446
\c@biburlbreakpenalty=\count447
\c@biburlnumpenalty=\count448
\c@biburlucpenalty=\count449
\c@biburllcpenalty=\count450
\biburlbigskip=\muskip18
\biburlnumskip=\muskip19
\biburlucskip=\muskip20
\biburllcskip=\muskip21
\c@smartand=\count451
)
Package biblatex Info: Trying to load bibliography style 'gb7714-2015'...
Package biblatex Info: ... file 'gb7714-2015.bbx' found.
 (/usr/local/texlive/2025/texmf-dist/tex/latex/biblatex-gb7714-2015/gb7714-2015.bbx
File: gb7714-2015.bbx 2025/03/03 v1.1tbiblatex bibliography style
Package biblatex Info: Trying to load bibliography style 'numeric-comp'...
Package biblatex Info: ... file 'numeric-comp.bbx' found.
 (/usr/local/texlive/2025/texmf-dist/tex/latex/biblatex/bbx/numeric-comp.bbx
File: numeric-comp.bbx 2024/03/21 v3.20 biblatex bibliography style (PK/MW)
Package biblatex Info: Trying to load bibliography style 'numeric'...
Package biblatex Info: ... file 'numeric.bbx' found.
 (/usr/local/texlive/2025/texmf-dist/tex/latex/biblatex/bbx/numeric.bbx
File: numeric.bbx 2024/03/21 v3.20 biblatex bibliography style (PK/MW)
Package biblatex Info: Trying to load bibliography style 'standard'...
Package biblatex Info: ... file 'standard.bbx' found.
 (/usr/local/texlive/2025/texmf-dist/tex/latex/biblatex/bbx/standard.bbx
File: standard.bbx 2024/03/21 v3.20 biblatex bibliography style (PK/MW)
\c@bbx:relatedcount=\count452
\c@bbx:relatedtotal=\count453
))) (/usr/local/texlive/2025/texmf-dist/tex/generic/xstring/xstring.sty (/usr/local/texlive/2025/texmf-dist/tex/generic/xstring/xstring.tex
\xs_counta=\count454
\xs_countb=\count455
)
Package: xstring 2023/08/22 v1.86 String manipulations (CT)
)
\BracketLift=\skip92
\footbibmargin=\skip93
\footbiblabelsep=\skip94
\c@gbnamefmtcase=\count456
\c@gbalignlabel=\count457
\c@gbcitelocalcase=\count458
\c@gbbiblocalcase=\count459
\c@lanordernum=\count460
\bibitemindent=\skip95
\biblabelextend=\skip96
Package biblatex Info: Delimiter 'finalnamedelim' in context '' already defined, overwriting.
)
Package biblatex Info: Trying to load citation style 'gb7714-2015'...
Package biblatex Info: ... file 'gb7714-2015.cbx' found.
 (/usr/local/texlive/2025/texmf-dist/tex/latex/biblatex-gb7714-2015/gb7714-2015.cbx
File: gb7714-2015.cbx a biblatex citation style for GB/T 7714-2015
Package biblatex Info: Trying to load citation style 'numeric-comp'...
Package biblatex Info: ... file 'numeric-comp.cbx' found.
 (/usr/local/texlive/2025/texmf-dist/tex/latex/biblatex/cbx/numeric-comp.cbx
File: numeric-comp.cbx 2024/03/21 v3.20 biblatex citation style (PK/MW)
\c@cbx@tempcnta=\count461
\c@cbx@tempcntb=\count462
\c@cbx@tempcntc=\count463
\c@cbx@tempcntd=\count464
Package biblatex Info: Redefining '\cite'.
Package biblatex Info: Redefining '\parencite'.
Package biblatex Info: Redefining '\footcite'.
Package biblatex Info: Redefining '\footcitetext'.
Package biblatex Info: Redefining '\smartcite'.
Package biblatex Info: Redefining '\supercite'.
Package biblatex Info: Redefining '\textcite'.
Package biblatex Info: Redefining '\textcites'.
Package biblatex Info: Redefining '\cites'.
Package biblatex Info: Redefining '\parencites'.
Package biblatex Info: Redefining '\smartcites'.
)
\c@gbrefcompress=\count465
Package biblatex Info: Redefining '\cite'.
Package biblatex Info: Redefining '\parencite'.
Package biblatex Info: Redefining '\cbx@textcite'.
)
Package biblatex Info: Trying to load configuration file...
Package biblatex Info: ... file 'biblatex.cfg' found.
 (/usr/local/texlive/2025/texmf-dist/tex/latex/biblatex/biblatex.cfg
File: biblatex.cfg 
)
Package biblatex Info: XeTeX detected.
(biblatex)             Assuming input encoding 'utf8'.
Package biblatex Info: Document encoding is UTF8 ....
Package biblatex Info: ... and expl3
(biblatex)             2025-03-26 L3 programming layer (loader) 
(biblatex)             is new enough (at least 2020/04/06),
(biblatex)             setting 'casechanger=expl3'.
 (/usr/local/texlive/2025/texmf-dist/tex/latex/biblatex/blx-case-expl3.sty
Package: blx-case-expl3 2024/03/21 v3.20 expl3 case changing code for biblatex
))
\@quotelevel=\count466
\@quotereset=\count467
 (./main.aux)
\openout1 = `main.aux'.

LaTeX Font Info:    Checking defaults for OML/cmm/m/it on input line 38.
LaTeX Font Info:    ... okay on input line 38.
LaTeX Font Info:    Checking defaults for OMS/cmsy/m/n on input line 38.
LaTeX Font Info:    ... okay on input line 38.
LaTeX Font Info:    Checking defaults for OT1/cmr/m/n on input line 38.
LaTeX Font Info:    ... okay on input line 38.
LaTeX Font Info:    Checking defaults for T1/cmr/m/n on input line 38.
LaTeX Font Info:    ... okay on input line 38.
LaTeX Font Info:    Checking defaults for TS1/cmr/m/n on input line 38.
LaTeX Font Info:    ... okay on input line 38.
LaTeX Font Info:    Checking defaults for TU/lmr/m/n on input line 38.
LaTeX Font Info:    ... okay on input line 38.
LaTeX Font Info:    Checking defaults for OMX/cmex/m/n on input line 38.
LaTeX Font Info:    ... okay on input line 38.
LaTeX Font Info:    Checking defaults for U/cmr/m/n on input line 38.
LaTeX Font Info:    ... okay on input line 38.
LaTeX Font Info:    Checking defaults for PD1/pdf/m/n on input line 38.
LaTeX Font Info:    ... okay on input line 38.
LaTeX Font Info:    Checking defaults for PU/pdf/m/n on input line 38.
LaTeX Font Info:    ... okay on input line 38.

Package fontspec Info: 
(fontspec)             Adjusting the maths setup (use [no-math] to avoid
(fontspec)             this).

\symlegacymaths=\mathgroup6
LaTeX Font Info:    Overwriting symbol font `legacymaths' in version `bold'
(Font)                  OT1/cmr/m/n --> OT1/cmr/bx/n on input line 38.
LaTeX Font Info:    Redeclaring math accent \acute on input line 38.
LaTeX Font Info:    Redeclaring math accent \grave on input line 38.
LaTeX Font Info:    Redeclaring math accent \ddot on input line 38.
LaTeX Font Info:    Redeclaring math accent \tilde on input line 38.
LaTeX Font Info:    Redeclaring math accent \bar on input line 38.
LaTeX Font Info:    Redeclaring math accent \breve on input line 38.
LaTeX Font Info:    Redeclaring math accent \check on input line 38.
LaTeX Font Info:    Redeclaring math accent \hat on input line 38.
LaTeX Font Info:    Redeclaring math accent \dot on input line 38.
LaTeX Font Info:    Redeclaring math accent \mathring on input line 38.
LaTeX Font Info:    Redeclaring math symbol \colon on input line 38.
LaTeX Font Info:    Redeclaring math symbol \Gamma on input line 38.
LaTeX Font Info:    Redeclaring math symbol \Delta on input line 38.
LaTeX Font Info:    Redeclaring math symbol \Theta on input line 38.
LaTeX Font Info:    Redeclaring math symbol \Lambda on input line 38.
LaTeX Font Info:    Redeclaring math symbol \Xi on input line 38.
LaTeX Font Info:    Redeclaring math symbol \Pi on input line 38.
LaTeX Font Info:    Redeclaring math symbol \Sigma on input line 38.
LaTeX Font Info:    Redeclaring math symbol \Upsilon on input line 38.
LaTeX Font Info:    Redeclaring math symbol \Phi on input line 38.
LaTeX Font Info:    Redeclaring math symbol \Psi on input line 38.
LaTeX Font Info:    Redeclaring math symbol \Omega on input line 38.
LaTeX Font Info:    Redeclaring math symbol \mathdollar on input line 38.
LaTeX Font Info:    Redeclaring symbol font `operators' on input line 38.
LaTeX Font Info:    Encoding `OT1' has changed to `TU' for symbol font
(Font)              `operators' in the math version `normal' on input line 38.
LaTeX Font Info:    Overwriting symbol font `operators' in version `normal'
(Font)                  OT1/cmr/m/n --> TU/lmr/m/n on input line 38.
LaTeX Font Info:    Encoding `OT1' has changed to `TU' for symbol font
(Font)              `operators' in the math version `bold' on input line 38.
LaTeX Font Info:    Overwriting symbol font `operators' in version `bold'
(Font)                  OT1/cmr/bx/n --> TU/lmr/m/n on input line 38.
LaTeX Font Info:    Overwriting symbol font `operators' in version `normal'
(Font)                  TU/lmr/m/n --> TU/lmr/m/n on input line 38.
LaTeX Font Info:    Overwriting math alphabet `\mathit' in version `normal'
(Font)                  OT1/cmr/m/it --> TU/lmr/m/it on input line 38.
LaTeX Font Info:    Overwriting math alphabet `\mathbf' in version `normal'
(Font)                  OT1/cmr/bx/n --> TU/lmr/b/n on input line 38.
LaTeX Font Info:    Overwriting math alphabet `\mathsf' in version `normal'
(Font)                  OT1/cmss/m/n --> TU/lmss/m/n on input line 38.
LaTeX Font Info:    Overwriting math alphabet `\mathtt' in version `normal'
(Font)                  OT1/cmtt/m/n --> TU/lmtt/m/n on input line 38.
LaTeX Font Info:    Overwriting symbol font `operators' in version `bold'
(Font)                  TU/lmr/m/n --> TU/lmr/b/n on input line 38.
LaTeX Font Info:    Overwriting math alphabet `\mathit' in version `bold'
(Font)                  OT1/cmr/bx/it --> TU/lmr/b/it on input line 38.
LaTeX Font Info:    Overwriting math alphabet `\mathsf' in version `bold'
(Font)                  OT1/cmss/bx/n --> TU/lmss/b/n on input line 38.
LaTeX Font Info:    Overwriting math alphabet `\mathtt' in version `bold'
(Font)                  OT1/cmtt/m/n --> TU/lmtt/b/n on input line 38.

*geometry* driver: auto-detecting
*geometry* detected driver: xetex
*geometry* verbose mode - [ preamble ] result:
* driver: xetex
* paper: a4paper
* layout: <same size as paper>
* layoutoffset:(h,v)=(0.0pt,0.0pt)
* modes: 
* h-part:(L,W,R)=(90.3375pt, 443.23705pt, 63.93333pt)
* v-part:(T,H,B)=(72.26997pt, 700.5069pt, 72.26997pt)
* \paperwidth=597.50787pt
* \paperheight=845.04684pt
* \textwidth=443.23705pt
* \textheight=700.5069pt
* \oddsidemargin=18.0675pt
* \evensidemargin=18.0675pt
* \topmargin=-37.00002pt
* \headheight=12.0pt
* \headsep=25.0pt
* \topskip=10.0pt
* \footskip=30.0pt
* \marginparwidth=57.0pt
* \marginparsep=11.0pt
* \columnsep=10.0pt
* \skip\footins=9.0pt plus 4.0pt minus 2.0pt
* \hoffset=0.0pt
* \voffset=0.0pt
* \mag=1000
* \@twocolumnfalse
* \@twosidefalse
* \@mparswitchfalse
* \@reversemarginfalse
* (1in=72.27pt=25.4mm, 1cm=28.453pt)

Package hyperref Info: Link coloring OFF on input line 38.
(./main.out) (./main.out)
\@outlinefile=\write4
\openout4 = `main.out'.

Package biblatex Info: Trying to load language 'english'...
Package biblatex Info: ... file 'english.lbx' found.
 (/usr/local/texlive/2025/texmf-dist/tex/latex/biblatex/lbx/english.lbx
File: english.lbx 2024/03/21 v3.20 biblatex localization (PK/MW)
)
Package biblatex Info: XeTeX detected.
(biblatex)             Assuming input encoding 'utf8'.
Package biblatex Info: Automatic encoding selection.
(biblatex)             Assuming data encoding 'utf8'.
\openout3 = `main.bcf'.

Package biblatex Info: Trying to load bibliographic data...
Package biblatex Info: ... file 'main.bbl' found.
 (./main.bbl)
Package biblatex Info: Reference section=0 on input line 38.
Package biblatex Info: Reference segment=0 on input line 38.
 (./chapters/coverpage/coverpage.tex
LaTeX Font Info:    Calculating math sizes for size <18> on input line 24.
LaTeX Font Info:    Trying to load font information for U+msa on input line 24.
 (/usr/local/texlive/2025/texmf-dist/tex/latex/amsfonts/umsa.fd
File: umsa.fd 2013/01/14 v3.01 AMS symbols A
)
LaTeX Font Info:    Trying to load font information for U+msb on input line 24.
 (/usr/local/texlive/2025/texmf-dist/tex/latex/amsfonts/umsb.fd
File: umsb.fd 2013/01/14 v3.01 AMS symbols B
)
LaTeX Font Info:    Calculating math sizes for size <15> on input line 35.


[1

]) (./main.toc

[1])
\tf@toc=\write5
\openout5 = `main.toc'.



[2] (./chapters/abstract/abstract.tex)

[3] (./chapters/chapter1/chapter1.tex

[4]
File: chapters/chapter1/figures/2D_layout.png Graphic file (type bmp)
<chapters/chapter1/figures/2D_layout.png>
) (./chapters/chapter2/chapter2.tex

[5]) (./chapters/chapter3/chapter3.tex [6]
File: chapters/chapter3/figures/lens_data.png Graphic file (type bmp)
<chapters/chapter3/figures/lens_data.png>


[7]) (./chapters/chapter4/chapter4.tex

[8]
File: chapters/chapter4/figures/2D_layout.png Graphic file (type bmp)
<chapters/chapter4/figures/2D_layout.png>
File: chapters/chapter4/figures/MTF.png Graphic file (type bmp)
<chapters/chapter4/figures/MTF.png>


[9]
File: chapters/chapter4/figures/field_and_distortion.png Graphic file (type bmp)
<chapters/chapter4/figures/field_and_distortion.png>


[10]) (./chapters/chapter5/chapter5.tex [11]
File: chapters/chapter5/figures/Layout2.png Graphic file (type bmp)
<chapters/chapter5/figures/Layout2.png>
File: chapters/chapter5/figures/SpotDiagram_chrome.png Graphic file (type bmp)
<chapters/chapter5/figures/SpotDiagram_chrome.png>


[12]
File: chapters/chapter5/figures/FFTMTF2_chrome.png Graphic file (type bmp)
<chapters/chapter5/figures/FFTMTF2_chrome.png>


[13]
File: chapters/chapter5/figures/FieldCurv_chrome.png Graphic file (type bmp)
<chapters/chapter5/figures/FieldCurv_chrome.png>
File: chapters/chapter5/figures/CurvDist_chrome.png Graphic file (type bmp)
<chapters/chapter5/figures/CurvDist_chrome.png>


[14]
File: chapters/chapter5/figures/RelativeIllumination_chrome.png Graphic file (type bmp)
<chapters/chapter5/figures/RelativeIllumination_chrome.png>


[15]
File: chapters/chapter5/figures/OPDFan.jpg Graphic file (type bmp)
<chapters/chapter5/figures/OPDFan.jpg>


[16]
File: chapters/chapter5/figures/OPD.png Graphic file (type bmp)
<chapters/chapter5/figures/OPD.png>
File: chapters/chapter5/figures/ImageSimulation.jpg Graphic file (type bmp)
<chapters/chapter5/figures/ImageSimulation.jpg>


[17] [18]) (./chapters/chapter6/chapter6.tex

[19]
File: chapters/chapter6/figures/Sensitive.png Graphic file (type bmp)
<chapters/chapter6/figures/Sensitive.png>


[20]
File: chapters/chapter6/figures/MTFafterMonteCarlo.png Graphic file (type bmp)
<chapters/chapter6/figures/MTFafterMonteCarlo.png>
File: chapters/chapter6/figures/FieldandDistrafterMonteCarlo.png Graphic file (type bmp)
<chapters/chapter6/figures/FieldandDistrafterMonteCarlo.png>
File: chapters/chapter6/figures/LLMafterMonteCarlo.png Graphic file (type bmp)
<chapters/chapter6/figures/LLMafterMonteCarlo.png>


[21]) (./chapters/chapter7/chapter7.tex

[22]) (./chapters/chapter8/chapter8.tex

[23]) (./chapters/chapter10/chapter10.tex
File: chapters/chapter10/figures/image18.png Graphic file (type bmp)
<chapters/chapter10/figures/image18.png>


[24]
File: chapters/chapter10/figures/image19.png Graphic file (type bmp)
<chapters/chapter10/figures/image19.png>
File: chapters/chapter10/figures/image20.png Graphic file (type bmp)
<chapters/chapter10/figures/image20.png>


[25]
File: chapters/chapter10/figures/image21.png Graphic file (type bmp)
<chapters/chapter10/figures/image21.png>
File: chapters/chapter10/figures/image22.png Graphic file (type bmp)
<chapters/chapter10/figures/image22.png>


[26]
File: chapters/chapter10/figures/image23.png Graphic file (type bmp)
<chapters/chapter10/figures/image23.png>
File: chapters/chapter10/figures/image24.png Graphic file (type bmp)
<chapters/chapter10/figures/image24.png>
)

[27] (./chapters/reference/reference.tex

Package fontspec Info: 
(fontspec)             Script 'CJK' not explicitly supported within font
(fontspec)             'FandolFang-Regular'. Check the typeset output, and if
(fontspec)             it is okay then ignore this warning. Otherwise a
(fontspec)             different font should be chosen.


Package fontspec Info: 
(fontspec)             Font family 'FandolFang-Regular(0)' created for font
(fontspec)             'FandolFang-Regular' with options
(fontspec)             [Script={CJK},Extension={.otf}].
(fontspec)              
(fontspec)              This font family consists of the following NFSS
(fontspec)             series/shapes:
(fontspec)              
(fontspec)             - 'normal' (m/n) with NFSS spec.:
(fontspec)             <->"[FandolFang-Regular.otf]/OT:script=hani;language=dflt;"

)

[28] (./main.aux)
 ***********
LaTeX2e <2024-11-01> patch level 2
L3 programming layer <2022/07/14>
 ***********
Package rerunfilecheck Info: File `main.out' has not changed.
(rerunfilecheck)             Checksum: 44215C579EE0CC70932F0C044C9E0A40;5922.
Package logreq Info: Writing requests to 'main.run.xml'.
\openout1 = `main.run.xml'.

 ) 
Here is how much of TeX's memory you used:
 24314 strings out of 470267
 542381 string characters out of 5484665
 1466061 words of memory out of 5000000
 50564 multiletter control sequences out of 15000+600000
 641305 words of font info for 135 fonts, out of 8000000 for 9000
 1348 hyphenation exceptions out of 8191
 93i,10n,112p,728b,5068s stack positions out of 10000i,1000n,20000p,200000b,200000s

Output written on main.xdv (29 pages, 284884 bytes).
