\BOOKMARK [1][-]{section*.2}{\376\377\144\130\000\040\211\201}{}% 1
\BOOKMARK [1][-]{section.1}{\376\377\200\314\146\157\116\313\176\315\060\001\174\373\176\337\135\345\117\134\123\237\164\006\124\214\121\111\215\357\176\323\147\204}{}% 2
\BOOKMARK [2][-]{subsection.1.1}{\376\377\121\357\134\024\176\263\166\356\225\134\166\204\123\206\123\362\200\314\146\157}{section.1}% 3
\BOOKMARK [2][-]{subsection.1.2}{\376\377\121\357\134\024\176\263\166\356\225\134\166\204\121\111\133\146\176\323\147\204\116\016\135\345\117\134\123\237\164\006}{section.1}% 4
\BOOKMARK [2][-]{subsection.1.3}{\376\377\116\073\211\201\121\111\133\146\123\302\145\160\133\232\116\111}{section.1}% 5
\BOOKMARK [1][-]{section.2}{\376\377\213\276\213\241\142\200\147\057\143\007\150\007}{}% 6
\BOOKMARK [1][-]{section.3}{\376\377\213\276\213\241\153\145\232\244}{}% 7
\BOOKMARK [2][-]{subsection.3.1}{\376\377\122\035\131\313\176\323\147\204\166\204\220\011\142\351}{section.3}% 8
\BOOKMARK [3][-]{subsubsection.3.1.1}{\376\377\000Z\000e\000m\000a\000x\136\372\152\041\153\145\232\244}{subsection.3.1}% 9
\BOOKMARK [2][-]{subsection.3.2}{\376\377\142\113\122\250\117\356\145\071\123\302\145\160}{section.3}% 10
\BOOKMARK [2][-]{subsection.3.3}{\376\377\213\276\177\156\117\030\123\026\121\375\145\160}{section.3}% 11
\BOOKMARK [1][-]{section.4}{\376\377\117\030\123\026\153\145\232\244}{}% 12
\BOOKMARK [2][-]{subsection.4.1}{\376\377\122\035\153\145\117\030\123\026}{section.4}% 13
\BOOKMARK [3][-]{subsubsection.4.1.1}{\376\377\134\100\220\350\117\030\123\026\377\010\000D\000L\000S\173\227\154\325\377\011}{subsection.4.1}% 14
\BOOKMARK [3][-]{subsubsection.4.1.2}{\376\377\225\044\137\142\117\030\123\026\377\010\000H\000a\000m\000m\000e\000r\000\040\000O\000p\000t\000i\000m\000i\000z\000a\000t\000i\000o\000n\377\011}{subsection.4.1}% 15
\BOOKMARK [2][-]{subsection.4.2}{\376\377\217\333\116\000\153\145\117\030\123\026\140\035\215\357}{section.4}% 16
\BOOKMARK [1][-]{section.5}{\376\377\213\276\213\241\176\323\147\234\123\312\140\047\200\375\213\304\117\060}{}% 17
\BOOKMARK [2][-]{subsection.5.1}{\376\377\213\276\213\241\176\323\147\234}{section.5}% 18
\BOOKMARK [3][-]{subsubsection.5.1.1}{\376\377\377\010\0001\377\011\225\134\131\064\145\160\143\156}{subsection.5.1}% 19
\BOOKMARK [3][-]{subsubsection.5.1.2}{\376\377\377\010\0002\377\011\0002\000D\136\003\134\100\126\376}{subsection.5.1}% 20
\BOOKMARK [3][-]{subsubsection.5.1.3}{\376\377\377\010\0003\377\011\150\007\121\306\160\271\122\027\126\376}{subsection.5.1}% 21
\BOOKMARK [3][-]{subsubsection.5.1.4}{\376\377\377\010\0004\377\011\000M\000T\000F\146\362\176\277}{subsection.5.1}% 22
\BOOKMARK [3][-]{subsubsection.5.1.5}{\376\377\377\010\0005\377\011\127\072\146\362\116\016\165\170\123\330\146\362\176\277}{subsection.5.1}% 23
\BOOKMARK [3][-]{subsubsection.5.1.6}{\376\377\377\010\0006\377\011\166\370\133\371\161\147\136\246\146\362\176\277}{subsection.5.1}% 24
\BOOKMARK [3][-]{subsubsection.5.1.7}{\376\377\377\010\0007\377\011\154\342\122\115\213\357\135\356\126\376\377\010\000O\000P\000D\000\040\000F\000a\000n\377\011}{subsection.5.1}% 25
\BOOKMARK [3][-]{subsubsection.5.1.8}{\376\377\377\010\0008\377\011\126\376\120\317\152\041\142\337}{subsection.5.1}% 26
\BOOKMARK [2][-]{subsection.5.2}{\376\377\140\047\200\375\213\304\117\060}{section.5}% 27
\BOOKMARK [3][-]{subsubsection.5.2.1}{\376\377\377\010\0001\377\011\147\011\145\110\161\046\215\335}{subsection.5.2}% 28
\BOOKMARK [3][-]{subsubsection.5.2.2}{\376\377\377\010\0002\377\011\220\017\225\134\140\073\225\177\136\246}{subsection.5.2}% 29
\BOOKMARK [3][-]{subsubsection.5.2.3}{\376\377\377\010\0003\377\011\211\306\127\072\211\322}{subsection.5.2}% 30
\BOOKMARK [3][-]{subsubsection.5.2.4}{\376\377\377\010\0004\377\011\133\124\137\204\116\016\121\372\167\263\123\302\145\160}{subsection.5.2}% 31
\BOOKMARK [3][-]{subsubsection.5.2.5}{\376\377\377\010\0005\377\011\166\370\133\371\161\147\136\246}{subsection.5.2}% 32
\BOOKMARK [3][-]{subsubsection.5.2.6}{\376\377\377\010\0006\377\011\165\170\123\330}{subsection.5.2}% 33
\BOOKMARK [3][-]{subsubsection.5.2.7}{\376\377\377\010\0007\377\011\202\162\135\356\122\006\147\220}{subsection.5.2}% 34
\BOOKMARK [1][-]{section.6}{\376\377\121\154\135\356\122\006\147\220}{}% 35
\BOOKMARK [2][-]{subsection.6.1}{\376\377\121\154\135\356\122\006\147\220\166\204\141\017\116\111}{section.6}% 36
\BOOKMARK [2][-]{subsection.6.2}{\376\377\121\154\135\356\213\276\177\156}{section.6}% 37
\BOOKMARK [2][-]{subsection.6.3}{\376\377\160\165\145\117\136\246\122\006\147\220}{section.6}% 38
\BOOKMARK [2][-]{subsection.6.4}{\376\377\204\231\162\171\123\141\155\033\122\006\147\220}{section.6}% 39
\BOOKMARK [2][-]{subsection.6.5}{\376\377\210\145\120\177\126\150\213\276\177\156}{section.6}% 40
\BOOKMARK [1][-]{section.7}{\376\377\133\130\127\050\166\204\225\356\230\230}{}% 41
\BOOKMARK [2][-]{subsection.7.1}{\376\377\377\010\0001\377\011\127\072\146\362\150\041\153\143\116\016\165\170\123\330\166\204\167\333\166\376}{section.7}% 42
\BOOKMARK [2][-]{subsection.7.2}{\376\377\377\010\0002\377\011\121\372\167\263\215\335\171\273\116\016\211\306\127\072\211\322\166\204\122\066\176\246\121\163\174\373}{section.7}% 43
\BOOKMARK [2][-]{subsection.7.3}{\376\377\377\010\0003\377\011\120\317\232\330\147\052\200\375\133\214\121\150\217\276\122\060\143\007\150\007}{section.7}% 44
\BOOKMARK [2][-]{subsection.7.4}{\376\377\377\010\0004\377\011\163\273\164\203\147\120\145\231\220\011\123\326\166\204\134\100\226\120\140\047}{section.7}% 45
\BOOKMARK [2][-]{subsection.7.5}{\376\377\377\010\0005\377\011\121\154\135\356\122\006\147\220\116\055\160\165\145\117\136\246\217\307\232\330\166\204\225\356\230\230}{section.7}% 46
\BOOKMARK [1][-]{section.8}{\376\377\140\073\176\323\116\016\137\303\137\227\117\123\117\032}{}% 47
\BOOKMARK [1][-]{section.9}{\376\377\135\345\172\013\122\066\126\376}{}% 48
\BOOKMARK [1][-]{section*.3}{\376\377\123\302\200\003\145\207\163\056}{}% 49
